info it worked if it ends with ok
verbose cli [ 'node', '/usr/local/bin/npm', 'install', 'foreman' ]
info using npm@1.0.100
info using node@v0.4.11
verbose /usr/local/bin/node node symlink
verbose config file /Users/aniccolai/.npmrc
verbose config file /usr/local/etc/npmrc
verbose config file /usr/local/lib/node_modules/npm/npmrc
silly testEngine { name: 'andy-io',
silly testEngine   version: '0.0.1',
silly testEngine   dependencies: { express: '2.2.0' },
silly testEngine   _id: 'andy-io@0.0.1',
silly testEngine   devDependencies: {},
silly testEngine   engines: { node: '*' },
silly testEngine   _engineSupported: true,
silly testEngine   _npmVersion: '1.0.100',
silly testEngine   _nodeVersion: 'v0.4.11',
silly testEngine   _defaultsLoaded: true }
verbose caching /Users/aniccolai/Dropbox/Projects/andy-io/package.json
verbose loadDefaults andy-io@0.0.1
silly testEngine { name: 'express',
silly testEngine   description: 'Sinatra inspired web development framework',
silly testEngine   version: '2.2.0',
silly testEngine   author: 
silly testEngine    { name: 'TJ Holowaychuk',
silly testEngine      email: 'tj@vision-media.ca' },
silly testEngine   contributors: 
silly testEngine    [ { name: 'TJ Holowaychuk',
silly testEngine        email: 'tj@vision-media.ca' },
silly testEngine      { name: 'Aaron Heckmann',
silly testEngine        email: 'aaron.heckmann+github@gmail.com' },
silly testEngine      { name: 'Ciaran Jessup', email: 'ciaranj@gmail.com' },
silly testEngine      { name: 'Guillermo Rauch', email: 'rauchg@gmail.com' } ],
silly testEngine   dependencies: 
silly testEngine    { connect: '>= 1.2.0 < 2.0.0',
silly testEngine      mime: '>= 0.0.1',
silly testEngine      qs: '>= 0.0.6' },
silly testEngine   keywords: [ 'framework', 'sinatra', 'web', 'rest', 'restful' ],
silly testEngine   repository: 
silly testEngine    { type: 'git',
silly testEngine      url: 'git://github.com/visionmedia/express.git' },
silly testEngine   main: 'index',
silly testEngine   bin: { express: './bin/express' },
silly testEngine   engines: { node: '>= 0.4.1 < 0.5.0' },
silly testEngine   _id: 'express@2.2.0',
silly testEngine   devDependencies: {},
silly testEngine   _engineSupported: true,
silly testEngine   _npmVersion: '1.0.100',
silly testEngine   _nodeVersion: 'v0.4.11',
silly testEngine   _defaultsLoaded: true }
verbose caching /Users/aniccolai/Dropbox/Projects/andy-io/node_modules/express/package.json
verbose loadDefaults express@2.2.0
verbose from cache /Users/aniccolai/Dropbox/Projects/andy-io/package.json
verbose into /Users/aniccolai/Dropbox/Projects/andy-io [ 'foreman' ]
verbose cache add foreman
verbose cache add [ 'foreman', null ]
silly cache add: name, spec, args [ undefined, 'foreman', [ 'foreman', null ] ]
verbose parsed url { pathname: 'foreman', href: 'foreman' }
info addNamed [ 'foreman', '' ]
verbose addNamed [ null, '' ]
verbose GET foreman
verbose raw, before any munging foreman
verbose url resolving [ 'https://registry.npmjs.org/', './foreman' ]
verbose url resolved https://registry.npmjs.org/foreman
silly get cb [ 404,
silly get cb   { server: 'CouchDB/1.1.0 (Erlang OTP/R14B03)',
silly get cb     date: 'Fri, 21 Oct 2011 03:46:47 GMT',
silly get cb     'content-type': 'application/json',
silly get cb     'content-length': '52',
silly get cb     'cache-control': 'must-revalidate' } ]
ERR! 404 'foreman' is not in the npm registry.
ERR! 404 You could maybe bug the author to publish it
ERR! 404 Note that you can also install from a tarball or folder.
ERR! 
ERR! System Darwin 11.2.0
ERR! command "node" "/usr/local/bin/npm" "install" "foreman"
ERR! cwd /Users/aniccolai/Dropbox/Projects/andy-io
ERR! node -v v0.4.11
ERR! npm -v 1.0.100
ERR! code E404
verbose exit [ 1, true ]
